<?xml version="1.0" encoding="UTF-8"?>
<testng-results ignored="0" total="1" passed="1" failed="0" skipped="0">
  <reporter-output>
  </reporter-output>
  <suite started-at="2024-04-07T00:25:08 IST" name="Default suite" finished-at="2024-04-07T00:25:21 IST" duration-ms="13488">
    <groups>
    </groups>
    <test started-at="2024-04-07T00:25:08 IST" name="Default test" finished-at="2024-04-07T00:25:21 IST" duration-ms="13488">
      <class name="ecommerce.ProjectEcommerce.CheckOutTheProduct">
        <test-method is-config="true" signature="launchTheApplication()[pri:0, instance:ecommerce.ProjectEcommerce.CheckOutTheProduct@59505b48]" started-at="2024-04-07T00:25:08 IST" name="launchTheApplication" finished-at="2024-04-07T00:25:15 IST" duration-ms="6933" status="PASS">
          <reporter-output>
          </reporter-output>
        </test-method> <!-- launchTheApplication -->
        <test-method signature="Checkout()[pri:0, instance:ecommerce.ProjectEcommerce.CheckOutTheProduct@59505b48]" started-at="2024-04-07T00:25:15 IST" name="Checkout" finished-at="2024-04-07T00:25:21 IST" duration-ms="6310" status="PASS">
          <reporter-output>
          </reporter-output>
        </test-method> <!-- Checkout -->
        <test-method is-config="true" signature="tearDown()[pri:0, instance:ecommerce.ProjectEcommerce.CheckOutTheProduct@59505b48]" started-at="2024-04-07T00:25:21 IST" name="tearDown" finished-at="2024-04-07T00:25:21 IST" duration-ms="201" status="PASS">
          <reporter-output>
          </reporter-output>
        </test-method> <!-- tearDown -->
      </class> <!-- ecommerce.ProjectEcommerce.CheckOutTheProduct -->
    </test> <!-- Default test -->
  </suite> <!-- Default suite -->
</testng-results>
